#
# A fatal error has been detected by the Java Runtime Environment:
#
#  Internal Error (os_windows_x86.cpp:144), pid=25420, tid=0x0000000000001044
#  guarantee(result == EXCEPTION_CONTINUE_EXECUTION) failed: Unexpected result from topLevelExceptionFilter
#
# JRE version: Java(TM) SE Runtime Environment (8.0_121-b13) (build 1.8.0_121-b13)
# Java VM: Java HotSpot(TM) 64-Bit Server VM (25.121-b13 mixed mode windows-amd64 compressed oops)
# Failed to write core dump. Minidumps are not enabled by default on client versions of Windows
#
# If you would like to submit a bug report, please visit:
#   http://bugreport.java.com/bugreport/crash.jsp
# The crash happened outside the Java Virtual Machine in native code.
# See problematic frame for where to report the bug.
#

---------------  T H R E A D  ---------------

Current thread (0x0000000002d72800):  JavaThread "main" [_thread_in_native, id=4164, stack(0x0000000002a70000,0x0000000002b70000)]

Stack: [0x0000000002a70000,0x0000000002b70000]
[error occurred during error reporting (printing stack bounds), id 0xc0000005]

Native frames: (J=compiled Java code, j=interpreted, Vv=VM code, C=native code)

Java frames: (J=compiled Java code, j=interpreted, Vv=VM code)
j  CGAL.Point_set_3.CGAL_Point_set_3JNI.Point_set_3_write(JLCGAL/Point_set_3/Point_set_3;Ljava/lang/String;)Z+0
j  CGAL.Point_set_3.Point_set_3.write(Ljava/lang/String;)Z+6
j  Main.main([Ljava/lang/String;)V+1282
v  ~StubRoutines::call_stub

---------------  P R O C E S S  ---------------

Java Threads: ( => current thread )
  0x000000001e2a5800 JavaThread "Service Thread" daemon [_thread_blocked, id=9228, stack(0x000000001fc80000,0x000000001fd80000)]
  0x000000001e1f5000 JavaThread "C1 CompilerThread3" daemon [_thread_blocked, id=27312, stack(0x000000001fb80000,0x000000001fc80000)]
  0x000000001e1f3800 JavaThread "C2 CompilerThread2" daemon [_thread_blocked, id=17824, stack(0x000000001fa80000,0x000000001fb80000)]
  0x000000001e1f2800 JavaThread "C2 CompilerThread1" daemon [_thread_blocked, id=23792, stack(0x000000001f980000,0x000000001fa80000)]
  0x000000001e1f0000 JavaThread "C2 CompilerThread0" daemon [_thread_blocked, id=10064, stack(0x000000001f880000,0x000000001f980000)]
  0x000000001e1e0000 JavaThread "Monitor Ctrl-Break" daemon [_thread_in_native, id=564, stack(0x000000001f780000,0x000000001f880000)]
  0x000000001e143800 JavaThread "Attach Listener" daemon [_thread_blocked, id=27816, stack(0x000000001f680000,0x000000001f780000)]
  0x000000001e19a000 JavaThread "Signal Dispatcher" daemon [_thread_blocked, id=4000, stack(0x000000001f580000,0x000000001f680000)]
  0x000000001e123000 JavaThread "Finalizer" daemon [_thread_blocked, id=544, stack(0x000000001f380000,0x000000001f480000)]
  0x000000001ca3d800 JavaThread "Reference Handler" daemon [_thread_blocked, id=26024, stack(0x000000001f280000,0x000000001f380000)]
=>0x0000000002d72800 JavaThread "main" [_thread_in_native, id=4164, stack(0x0000000002a70000,0x0000000002b70000)]

Other Threads:
  0x000000001e102800 VMThread [stack: 0x000000001f180000,0x000000001f280000] [id=26400]
  0x000000001e2c6800 WatcherThread [stack: 0x000000001fd80000,0x000000001fe80000] [id=11300]

VM state:not at safepoint (normal execution)

VM Mutex/Monitor currently owned by a thread: None

Heap:
 PSYoungGen      total 75776K, used 6511K [0x000000076b600000, 0x0000000770a80000, 0x00000007c0000000)
  eden space 65024K, 10% used [0x000000076b600000,0x000000076bc5bed0,0x000000076f580000)
  from space 10752K, 0% used [0x0000000770000000,0x0000000770000000,0x0000000770a80000)
  to   space 10752K, 0% used [0x000000076f580000,0x000000076f580000,0x0000000770000000)
 ParOldGen       total 173568K, used 0K [0x00000006c2200000, 0x00000006ccb80000, 0x000000076b600000)
  object space 173568K, 0% used [0x00000006c2200000,0x00000006c2200000,0x00000006ccb80000)
 Metaspace       used 4324K, capacity 4928K, committed 5120K, reserved 1056768K
  class space    used 457K, capacity 496K, committed 512K, reserved 1048576K

Card table byte_map: [0x0000000012230000,0x0000000012a20000] byte_map_base: 0x000000000ec1f000

Marking Bits: (ParMarkBitMap*) 0x000000005a9db6d0
 Begin Bits: [0x0000000013970000, 0x00000000178e8000)
 End Bits:   [0x00000000178e8000, 0x000000001b860000)

Polling page: 0x0000000000750000

CodeCache: size=245760Kb used=1338Kb max_used=1351Kb free=244421Kb
 bounds [0x0000000002e70000, 0x00000000030e0000, 0x0000000011e70000]
 total_blobs=412 nmethods=119 adapters=206
 compilation: enabled

Compilation events (10 events):
Event: 1.115 Thread 0x000000001e1f5000  116  s    3       java.util.Hashtable::put (104 bytes)
Event: 1.115 Thread 0x000000001e1f3800  117  s    4       java.lang.StringBuffer::append (13 bytes)
Event: 1.116 Thread 0x000000001e1f5000 nmethod 116 0x0000000002fbc950 code [0x0000000002fbcb20, 0x0000000002fbd2d8]
Event: 1.116 Thread 0x000000001e1f5000  115  s    3       java.util.Hashtable::get (69 bytes)
Event: 1.116 Thread 0x000000001e1f5000 nmethod 115 0x0000000002fbd650 code [0x0000000002fbd7e0, 0x0000000002fbde18]
Event: 1.116 Thread 0x000000001e1f5000  118       3       java.io.BufferedWriter::ensureOpen (18 bytes)
Event: 1.116 Thread 0x000000001e1f5000 nmethod 118 0x0000000002fbe090 code [0x0000000002fbe200, 0x0000000002fbe448]
Event: 1.116 Thread 0x000000001e1f5000  119       3       java.lang.String::<init> (10 bytes)
Event: 1.116 Thread 0x000000001e1f5000 nmethod 119 0x0000000002fbe510 code [0x0000000002fbe660, 0x0000000002fbe830]
Event: 1.119 Thread 0x000000001e1f3800 nmethod 117 0x0000000002fc1a90 code [0x0000000002fc1be0, 0x0000000002fc21a8]

GC Heap History (0 events):
No events

Deoptimization events (0 events):
No events

Internal exceptions (7 events):
Event: 0.032 Thread 0x0000000002d72800 Exception <a 'java/lang/NoSuchMethodError': Method sun.misc.Unsafe.defineClass(Ljava/lang/String;[BII)Ljava/lang/Class; name or signature does not match> (0x000000076b607ca8) thrown at [C:\re\workspace\8-2-build-windows-amd64-cygwin\jdk8u121\8372\hotspot\
Event: 0.032 Thread 0x0000000002d72800 Exception <a 'java/lang/NoSuchMethodError': Method sun.misc.Unsafe.prefetchRead(Ljava/lang/Object;J)V name or signature does not match> (0x000000076b607f90) thrown at [C:\re\workspace\8-2-build-windows-amd64-cygwin\jdk8u121\8372\hotspot\src\share\vm\prims
Event: 0.184 Thread 0x0000000002d72800 Exception <a 'CGAL/Java/SWIGCGALException': Error in SWIG_CGAL code. Here is the text of the C++ exception:
CGAL ERROR: precondition violation!
Expr: points.begin() != points.end()
File: C:\dev\CGAL-5.0.3\include\CGAL/IO/write_xyz_points.h
Line: 78> (0x00
Event: 1.106 Thread 0x000000001e143800 Exception <a 'java/security/PrivilegedActionException'> (0x000000076bb91ad0) thrown at [C:\re\workspace\8-2-build-windows-amd64-cygwin\jdk8u121\8372\hotspot\src\share\vm\prims\jvm.cpp, line 1390]
Event: 1.106 Thread 0x000000001e143800 Exception <a 'java/security/PrivilegedActionException'> (0x000000076bb91ec8) thrown at [C:\re\workspace\8-2-build-windows-amd64-cygwin\jdk8u121\8372\hotspot\src\share\vm\prims\jvm.cpp, line 1390]
Event: 1.106 Thread 0x000000001e143800 Exception <a 'java/security/PrivilegedActionException'> (0x000000076bb95fc0) thrown at [C:\re\workspace\8-2-build-windows-amd64-cygwin\jdk8u121\8372\hotspot\src\share\vm\prims\jvm.cpp, line 1390]
Event: 1.106 Thread 0x000000001e143800 Exception <a 'java/security/PrivilegedActionException'> (0x000000076bb963b8) thrown at [C:\re\workspace\8-2-build-windows-amd64-cygwin\jdk8u121\8372\hotspot\src\share\vm\prims\jvm.cpp, line 1390]

Events (10 events):
Event: 1.110 loading class java/util/ResourceBundle$BundleReference
Event: 1.110 loading class java/util/ResourceBundle$BundleReference done
Event: 1.110 loading class sun/util/resources/en/TimeZoneNames_en
Event: 1.110 loading class sun/util/resources/en/TimeZoneNames_en done
Event: 1.110 loading class java/util/LinkedHashMap$LinkedKeySet
Event: 1.110 loading class java/util/LinkedHashMap$LinkedKeySet done
Event: 1.111 loading class sun/util/locale/provider/LocaleResources$ResourceReference
Event: 1.111 loading class sun/util/locale/provider/LocaleResources$ResourceReference done
Event: 4.157 Executing VM operation: EnableBiasedLocking
Event: 4.157 Executing VM operation: EnableBiasedLocking done


Dynamic libraries:
0x00007ff7ea840000 - 0x00007ff7ea877000 	C:\Program Files\Java\jdk1.8.0_121\bin\java.exe
0x00007ff9c5cf0000 - 0x00007ff9c5eee000 	C:\WINDOWS\SYSTEM32\ntdll.dll
0x00007ff9c4110000 - 0x00007ff9c41cc000 	C:\WINDOWS\System32\KERNEL32.DLL
0x00007ff9c36a0000 - 0x00007ff9c39e0000 	C:\WINDOWS\System32\KERNELBASE.dll
0x00007ff9bdd60000 - 0x00007ff9bddf2000 	C:\WINDOWS\SYSTEM32\apphelp.dll
0x00007ff9c3f60000 - 0x00007ff9c400b000 	C:\WINDOWS\System32\ADVAPI32.dll
0x00007ff9c3d70000 - 0x00007ff9c3e12000 	C:\WINDOWS\System32\msvcrt.dll
0x00007ff9c3c10000 - 0x00007ff9c3cb2000 	C:\WINDOWS\System32\sechost.dll
0x00007ff9c4a10000 - 0x00007ff9c4b33000 	C:\WINDOWS\System32\RPCRT4.dll
0x00007ff9c5650000 - 0x00007ff9c57f5000 	C:\WINDOWS\System32\USER32.dll
0x00007ff9c3310000 - 0x00007ff9c3336000 	C:\WINDOWS\System32\win32u.dll
0x00007ff9c3d40000 - 0x00007ff9c3d6b000 	C:\WINDOWS\System32\GDI32.dll
0x00007ff9c3340000 - 0x00007ff9c344b000 	C:\WINDOWS\System32\gdi32full.dll
0x00007ff9c3260000 - 0x00007ff9c3307000 	C:\WINDOWS\System32\msvcp_win.dll
0x00007ff9c34c0000 - 0x00007ff9c35d3000 	C:\WINDOWS\System32\ucrtbase.dll
0x00007ff9ac500000 - 0x00007ff9ac7a6000 	C:\WINDOWS\WinSxS\amd64_microsoft.windows.common-controls_6595b64144ccf1df_6.0.20175.1000_none_8e9f0e64aa406c8e\COMCTL32.dll
0x00007ff9c41d0000 - 0x00007ff9c4201000 	C:\WINDOWS\System32\IMM32.DLL
0x000000005aa60000 - 0x000000005ab32000 	C:\Program Files\Java\jdk1.8.0_121\jre\bin\msvcr100.dll
0x000000005a1c0000 - 0x000000005aa5b000 	C:\Program Files\Java\jdk1.8.0_121\jre\bin\server\jvm.dll
0x00007ff9c5640000 - 0x00007ff9c5648000 	C:\WINDOWS\System32\PSAPI.DLL
0x00007ff9b8610000 - 0x00007ff9b861a000 	C:\WINDOWS\SYSTEM32\WSOCK32.dll
0x00007ff9b3e60000 - 0x00007ff9b3e86000 	C:\WINDOWS\SYSTEM32\WINMM.dll
0x00007ff9b9b10000 - 0x00007ff9b9b1a000 	C:\WINDOWS\SYSTEM32\VERSION.dll
0x00007ff9c4c00000 - 0x00007ff9c4c71000 	C:\WINDOWS\System32\WS2_32.dll
0x000000005c630000 - 0x000000005c63f000 	C:\Program Files\Java\jdk1.8.0_121\jre\bin\verify.dll
0x000000005a190000 - 0x000000005a1b9000 	C:\Program Files\Java\jdk1.8.0_121\jre\bin\java.dll
0x000000005a140000 - 0x000000005a163000 	C:\Program Files\Java\jdk1.8.0_121\jre\bin\instrument.dll
0x000000005a170000 - 0x000000005a186000 	C:\Program Files\Java\jdk1.8.0_121\jre\bin\zip.dll
0x00007ff9c4210000 - 0x00007ff9c49a3000 	C:\WINDOWS\System32\SHELL32.dll
0x00007ff9c11d0000 - 0x00007ff9c1a70000 	C:\WINDOWS\SYSTEM32\windows.storage.dll
0x00007ff9c5800000 - 0x00007ff9c5b7d000 	C:\WINDOWS\System32\combase.dll
0x00007ff9c4c80000 - 0x00007ff9c4d42000 	C:\WINDOWS\System32\SHCORE.dll
0x00007ff9c4db0000 - 0x00007ff9c4e07000 	C:\WINDOWS\System32\shlwapi.dll
0x00007ff9c31a0000 - 0x00007ff9c31c0000 	C:\WINDOWS\SYSTEM32\profapi.dll
0x00007ff9bbf70000 - 0x00007ff9bbf8a000 	C:\Program Files\JetBrains\IntelliJ IDEA 2020.1.1\bin\breakgen64.dll
0x000000005a120000 - 0x000000005a13a000 	C:\Program Files\Java\jdk1.8.0_121\jre\bin\net.dll
0x00007ff9c2980000 - 0x00007ff9c29e8000 	C:\WINDOWS\system32\mswsock.dll
0x00007ff9b8810000 - 0x00007ff9b8824000 	E:\amomorning\eclipse-workspace\cgal-swig-bindings\build\lib\Debug\CGAL_Java_cpp.dll
0x00007ff9b87e0000 - 0x00007ff9b8806000 	C:\WINDOWS\SYSTEM32\VCRUNTIME140D.dll
0x00007ff9becf0000 - 0x00007ff9becff000 	C:\WINDOWS\SYSTEM32\VCRUNTIME140_1D.dll
0x00007ff9a64f0000 - 0x00007ff9a66b3000 	C:\WINDOWS\SYSTEM32\ucrtbased.dll
0x000000006f540000 - 0x000000006f5a1000 	C:\dev\CGAL-5.0.3\auxiliary\gmp\lib\libmpfr-4.dll
0x000000006acc0000 - 0x000000006ad46000 	C:\Program Files\Git\mingw64\bin\libgmp-10.dll
0x00007ff9346a0000 - 0x00007ff934aba000 	E:\amomorning\eclipse-workspace\cgal-swig-bindings\build\lib\Debug\CGAL_Kernel_cpp.dll
0x00007ff99d710000 - 0x00007ff99d804000 	C:\WINDOWS\SYSTEM32\MSVCP140D.dll
0x00007ff9b87a0000 - 0x00007ff9b87d7000 	E:\amomorning\eclipse-workspace\cgal-swig-bindings\build\lib\Debug\CGAL_AABB_tree_cpp.dll
0x00007ff9b7d90000 - 0x00007ff9b7dc7000 	E:\amomorning\eclipse-workspace\cgal-swig-bindings\build\lib\Debug\CGAL_Alpha_shape_2_cpp.dll
0x00007ff9b7d50000 - 0x00007ff9b7d87000 	E:\amomorning\eclipse-workspace\cgal-swig-bindings\build\lib\Debug\CGAL_Mesh_3_cpp.dll
0x00007ff9ac0d0000 - 0x00007ff9ac107000 	E:\amomorning\eclipse-workspace\cgal-swig-bindings\build\lib\Debug\CGAL_Surface_mesher_cpp.dll
0x00007ff9ac090000 - 0x00007ff9ac0c7000 	E:\amomorning\eclipse-workspace\cgal-swig-bindings\build\lib\Debug\CGAL_Triangulation_2_cpp.dll
0x00007ff9abfe0000 - 0x00007ff9ac017000 	E:\amomorning\eclipse-workspace\cgal-swig-bindings\build\lib\Debug\CGAL_Triangulation_3_cpp.dll
0x00007ff99cd20000 - 0x00007ff99ce56000 	E:\amomorning\eclipse-workspace\cgal-swig-bindings\build\build-java\lib\CGAL_Point_set_3.dll
0x00007ff9b81c0000 - 0x00007ff9b81d9000 	E:\amomorning\eclipse-workspace\cgal-swig-bindings\build\build-java\lib\CGAL_Java.dll
0x00007ff99bdb0000 - 0x00007ff99bf68000 	E:\amomorning\eclipse-workspace\cgal-swig-bindings\build\build-java\lib\CGAL_Kernel.dll
0x00007ff9c23c0000 - 0x00007ff9c23d3000 	C:\WINDOWS\SYSTEM32\kernel.appcore.dll
0x00007ff9a46f0000 - 0x00007ff9a478f000 	C:\WINDOWS\SYSTEM32\TextShaping.dll
0x00007ff9c0640000 - 0x00007ff9c06e0000 	C:\WINDOWS\system32\uxtheme.dll
0x00007ff9c5b80000 - 0x00007ff9c5c9d000 	C:\WINDOWS\System32\MSCTF.dll
0x00007ff97edd0000 - 0x00007ff97ee1b000 	C:\Program Files\Listary\ListaryHook64.dll
0x00007ff9c3e20000 - 0x00007ff9c3f5a000 	C:\WINDOWS\System32\ole32.dll
0x00007ff9b0070000 - 0x00007ff9b00d9000 	C:\WINDOWS\SYSTEM32\OLEACC.dll
0x00007ff9c3a30000 - 0x00007ff9c3aa9000 	C:\WINDOWS\System32\bcryptPrimitives.dll
0x00007ff9a47b0000 - 0x00007ff9a48ba000 	C:\WINDOWS\SYSTEM32\textinputframework.dll
0x00007ff9c4030000 - 0x00007ff9c4102000 	C:\WINDOWS\System32\OLEAUT32.dll
0x00007ff9bd9d0000 - 0x00007ff9bdaf8000 	C:\WINDOWS\SYSTEM32\CoreMessaging.dll
0x00007ff9bd240000 - 0x00007ff9bd5c0000 	C:\WINDOWS\SYSTEM32\CoreUIComponents.dll
0x00007ff9c4b40000 - 0x00007ff9c4bf1000 	C:\WINDOWS\System32\clbcatq.dll

VM Arguments:
jvm_args: -Djava.library.path=E:\amomorning\eclipse-workspace\cgal-swig-bindings\build\lib\Debug;E:\amomorning\eclipse-workspace\cgal-swig-bindings\build\build-java\lib;E:\amomorning\eclipse-workspace\cgal-swig-bindings\build\build-java\lib\Debug;C:\dev\CGAL-5.0.3\auxiliary\gmp\lib -javaagent:C:\Program Files\JetBrains\IntelliJ IDEA 2020.1.1\lib\idea_rt.jar=14194:C:\Program Files\JetBrains\IntelliJ IDEA 2020.1.1\bin -Dfile.encoding=UTF-8 
java_command: Main
java_class_path (initial): C:\Program Files\Java\jdk1.8.0_121\jre\lib\charsets.jar;C:\Program Files\Java\jdk1.8.0_121\jre\lib\deploy.jar;C:\Program Files\Java\jdk1.8.0_121\jre\lib\ext\access-bridge-64.jar;C:\Program Files\Java\jdk1.8.0_121\jre\lib\ext\cldrdata.jar;C:\Program Files\Java\jdk1.8.0_121\jre\lib\ext\dnsns.jar;C:\Program Files\Java\jdk1.8.0_121\jre\lib\ext\jaccess.jar;C:\Program Files\Java\jdk1.8.0_121\jre\lib\ext\jfxrt.jar;C:\Program Files\Java\jdk1.8.0_121\jre\lib\ext\localedata.jar;C:\Program Files\Java\jdk1.8.0_121\jre\lib\ext\nashorn.jar;C:\Program Files\Java\jdk1.8.0_121\jre\lib\ext\sunec.jar;C:\Program Files\Java\jdk1.8.0_121\jre\lib\ext\sunjce_provider.jar;C:\Program Files\Java\jdk1.8.0_121\jre\lib\ext\sunmscapi.jar;C:\Program Files\Java\jdk1.8.0_121\jre\lib\ext\sunpkcs11.jar;C:\Program Files\Java\jdk1.8.0_121\jre\lib\ext\zipfs.jar;C:\Program Files\Java\jdk1.8.0_121\jre\lib\javaws.jar;C:\Program Files\Java\jdk1.8.0_121\jre\lib\jce.jar;C:\Program Files\Java\jdk1.8.0_121\jre\lib\jfr.jar;C:\Program Files\Java\jdk1.8.0_121\jre\lib\jfxswt.jar;C:\Program Files\Java\jdk1.8.0_121\jre\lib\jsse.jar;C:\Program Files\Java\jdk1.8.0_121\jre\lib\management-agent.jar;C:\Program Files\Java\jdk1.8.0_121\jre\lib\plugin.jar;C:\Program Files\Java\jdk1.8.0_121\jre\lib\resources.jar;C:\Program Files\Java\jdk1.8.0_121\jre\lib\rt.jar;D:\amomorning\eclipse-workspace\testCGAL\target\classes;C:\Program Files\JetBrains\IntelliJ IDEA 2020.1.1\lib\idea_rt.jar
Launcher Type: SUN_STANDARD

Environment Variables:
JAVA_HOME=C:\Program Files\Java\jdk1.8.0_121
CLASSPATH=.;C:\Program Files\Java\jdk1.8.0_121\lib\dt.jar;C:\Program Files\Java\jdk1.8.0_121\lib\tools.jar;
PATH=C:\Program Files (x86)\NetSarang\Xshell 6\;C:\Windows\system32;C:\Windows;C:\Windows\System32\Wbem;C:\Windows\System32\WindowsPowerShell\v1.0\;C:\Windows\System32\OpenSSH\;C:\Program Files (x86)\Wolfram Research\WolframScript\;C:\Program Files\MiKTeX 2.9\miktex\bin\x64\;C:\Program Files\MATLAB\R2019b\bin;C:\Program Files\Microsoft SQL Server\120\Tools\Binn\;C:\Program Files\Common Files\Autodesk Shared\;C:\Program Files\dotnet\;C:\Program Files\CMake\bin;C:\Users\amomorning\vcpkg;C:\Program Files\PowerShell\6\;C:\Program Files (x86)\NVIDIA Corporation\PhysX\Common;C:\Program Files\NVIDIA Corporation\NVIDIA NvDLISR;C:\WINDOWS\system32;C:\WINDOWS;C:\WINDOWS\System32\Wbem;C:\WINDOWS\System32\WindowsPowerShell\v1.0\;C:\WINDOWS\System32\OpenSSH\;C:\Program Files\nodejs\;C:\Program Files\Git\cmd;C:\Program Files\Git\mingw64\bin;C:\Program Files\Git\usr\bin;C:\Users\amomorning\Anaconda3;C:\Users\amomorning\Anaconda3\Library\mingw-w64\bin;C:\Users\amomorning\Anaconda3\Library\usr\bin;C:\Users\amomorning\Anaconda3\Library\bin;C:\Users\amomorning\Anaconda3\Scripts;C:\Users\amomorning\AppData\Local\Microsoft\WindowsApps;C:\Users\amomorning\AppData\Local\Programs\Microsoft VS Code\bin;C:\Program Files\Bandizip\;C:\Program Files\mingw-w64\mingw64\bin;C:\Program Files\Java\jdk1.8.0_121\bin;C:\Program Files\Java\jdk1.8.0_121\jre\bin;C:\Users\amomorning\AppData\Local\JuliaPro-1.2.0-1\Julia-1.2.0\bin;C:\Users\amomorning\.dotnet\tools;C:\Users\amomorning\vcpkg;C:\Users\amomorning\AppData\Local\Programs\Fiddler;C:\Users\amomorning\AppData\Local\Microsoft\WindowsApps;C:\Users\amomorning\AppData\Roaming\npm;D:\dev\swigwin-3.0.12;D:\dev\boost_1_71_0\lib64-msvc-14.2;D:\dev\Qt\5.15.0\msvc2019_64\bin;
USERNAME=amomorning
OS=Windows_NT
PROCESSOR_IDENTIFIER=Intel64 Family 6 Model 158 Stepping 10, GenuineIntel



---------------  S Y S T E M  ---------------

OS: Windows 10.0 , 64 bit Build 20175 (10.0.20175.1000)

CPU:total 12 (6 cores per cpu, 2 threads per core) family 6 model 158 stepping 10, cmov, cx8, fxsr, mmx, sse, sse2, sse3, ssse3, sse4.1, sse4.2, popcnt, avx, avx2, aes, clmul, erms, 3dnowpref, lzcnt, ht, tsc, tscinvbit, bmi1, bmi2, adx

Memory: 4k page, physical 16635088k(6505112k free), swap 23131184k(3332600k free)

vm_info: Java HotSpot(TM) 64-Bit Server VM (25.121-b13) for windows-amd64 JRE (1.8.0_121-b13), built on Dec 12 2016 18:21:36 by "java_re" with MS VC++ 10.0 (VS2010)

time: Thu Sep 03 20:38:45 2020
elapsed time: 7 seconds (0d 0h 0m 7s)

