#
# A fatal error has been detected by the Java Runtime Environment:
#
#  EXCEPTION_ACCESS_VIOLATION (0xc0000005) at pc=0x000000006ad20f20, pid=1464, tid=0x0000000000004b38
#
# JRE version: Java(TM) SE Runtime Environment (8.0_121-b13) (build 1.8.0_121-b13)
# Java VM: Java HotSpot(TM) 64-Bit Server VM (25.121-b13 mixed mode windows-amd64 compressed oops)
# Problematic frame:
# C  [libgmp-10.dll+0x60f20]
#
# Failed to write core dump. Minidumps are not enabled by default on client versions of Windows
#
# If you would like to submit a bug report, please visit:
#   http://bugreport.java.com/bugreport/crash.jsp
# The crash happened outside the Java Virtual Machine in native code.
# See problematic frame for where to report the bug.
#

---------------  T H R E A D  ---------------

Current thread (0x0000000003182800):  JavaThread "main" [_thread_in_native, id=19256, stack(0x0000000002eb0000,0x0000000002fb0000)]

siginfo: ExceptionCode=0xc0000005, ExceptionInformation=0x0000000000000008 0x000000006ad20f20

Registers:
RAX=0x0000000002fada50, RBX=0x000000001c90a300, RCX=0x0000000002fada60, RDX=0x0000000002fadce0
RSP=0x0000000002fad9d8, RBP=0x0000000002faf408, RSI=0x0000000002faea88, RDI=0x0000000002fada10
R8 =0x0000000000000002, R9 =0x0000000002fadcd0, R10=0x0000000002fad6a0, R11=0x0000000002fad9e0
R12=0x0000000000000000, R13=0x000000001c90a300, R14=0x0000000002faf438, R15=0x0000000003182800
RIP=0x000000006ad20f20, EFLAGS=0x0000000000010202

Top of Stack: (sp=0x0000000002fad9d8)
0x0000000002fad9d8:   00007ff914b434cc 0000000002fada50
0x0000000002fad9e8:   cccccccc00000002 cccccccccccccccc
0x0000000002fad9f8:   cccccccccccccccc cccccccc00000002
0x0000000002fada08:   0000000002fadce0 0000000002fadb20
0x0000000002fada18:   00007ff914b0667d 0000000002fada50
0x0000000002fada28:   0000000002fadcd0 cccccccccccccccc
0x0000000002fada38:   cccccccccccccccc cccccccccccccccc
0x0000000002fada48:   cccccccccccccccc 0000000002fada60
0x0000000002fada58:   0000000000000008 cccccccccccccccc
0x0000000002fada68:   cccccccccccccccc cccccccccccccccc
0x0000000002fada78:   cccccccccccccccc cccccccccccccccc
0x0000000002fada88:   cccccccccccccccc cccccccccccccccc
0x0000000002fada98:   cccccccccccccccc ffffffff00000002
0x0000000002fadaa8:   cccccccccccccccc cccccccccccccccc
0x0000000002fadab8:   cccccccccccccccc cccccccccccccccc
0x0000000002fadac8:   cccccccccccccccc cccccccccccccccc 

Instructions: (pc=0x000000006ad20f20)
0x000000006ad20f00:   45 57 32 c0 b3 cf ab 40 bd cf ec 61 8e dd a3 68
0x000000006ad20f10:   02 27 1f 22 42 ad 4f a9 00 00 00 00 00 00 00 00
0x000000006ad20f20:   00 00 00 00 00 00 00 00 00 00 00 00 00 00 00 00
0x000000006ad20f30:   00 00 00 00 00 00 00 00 00 00 00 00 00 00 00 00 


Register to memory mapping:

RAX=0x0000000002fada50 is pointing into the stack for thread: 0x0000000003182800
RBX={method} {0x000000001c90a308} 'make_conforming_Gabriel_2__SWIG_0' '(JLCGAL/Triangulation_2/Constrained_Delaunay_triangulation_2;)V' in 'CGAL/Mesh_2/CGAL_Mesh_2JNI'
RCX=0x0000000002fada60 is pointing into the stack for thread: 0x0000000003182800
RDX=0x0000000002fadce0 is pointing into the stack for thread: 0x0000000003182800
RSP=0x0000000002fad9d8 is pointing into the stack for thread: 0x0000000003182800
RBP=0x0000000002faf408 is pointing into the stack for thread: 0x0000000003182800
RSI=0x0000000002faea88 is pointing into the stack for thread: 0x0000000003182800
RDI=0x0000000002fada10 is pointing into the stack for thread: 0x0000000003182800
R8 =0x0000000000000002 is an unknown value
R9 =0x0000000002fadcd0 is pointing into the stack for thread: 0x0000000003182800
R10=0x0000000002fad6a0 is pointing into the stack for thread: 0x0000000003182800
R11=0x0000000002fad9e0 is pointing into the stack for thread: 0x0000000003182800
R12=0x0000000000000000 is an unknown value
R13={method} {0x000000001c90a308} 'make_conforming_Gabriel_2__SWIG_0' '(JLCGAL/Triangulation_2/Constrained_Delaunay_triangulation_2;)V' in 'CGAL/Mesh_2/CGAL_Mesh_2JNI'
R14=0x0000000002faf438 is pointing into the stack for thread: 0x0000000003182800
R15=0x0000000003182800 is a thread


Stack: [0x0000000002eb0000,0x0000000002fb0000],  sp=0x0000000002fad9d8,  free space=1014k
Native frames: (J=compiled Java code, j=interpreted, Vv=VM code, C=native code)
C  [libgmp-10.dll+0x60f20]

Java frames: (J=compiled Java code, j=interpreted, Vv=VM code)
j  CGAL.Mesh_2.CGAL_Mesh_2JNI.make_conforming_Gabriel_2__SWIG_0(JLCGAL/Triangulation_2/Constrained_Delaunay_triangulation_2;)V+0
j  CGAL.Mesh_2.CGAL_Mesh_2.make_conforming_Gabriel_2(LCGAL/Triangulation_2/Constrained_Delaunay_triangulation_2;)V+5
j  Main.main([Ljava/lang/String;)V+282
v  ~StubRoutines::call_stub

---------------  P R O C E S S  ---------------

Java Threads: ( => current thread )
  0x000000001e688800 JavaThread "Service Thread" daemon [_thread_blocked, id=21184, stack(0x00000000200f0000,0x00000000201f0000)]
  0x000000001e5de000 JavaThread "C1 CompilerThread3" daemon [_thread_blocked, id=6920, stack(0x000000001fff0000,0x00000000200f0000)]
  0x000000001e5dc000 JavaThread "C2 CompilerThread2" daemon [_thread_blocked, id=28700, stack(0x000000001fef0000,0x000000001fff0000)]
  0x000000001e5db800 JavaThread "C2 CompilerThread1" daemon [_thread_blocked, id=22588, stack(0x000000001fdf0000,0x000000001fef0000)]
  0x000000001e5d8000 JavaThread "C2 CompilerThread0" daemon [_thread_blocked, id=7000, stack(0x000000001fcf0000,0x000000001fdf0000)]
  0x000000001e5c7800 JavaThread "Monitor Ctrl-Break" daemon [_thread_in_native, id=5204, stack(0x000000001fbf0000,0x000000001fcf0000)]
  0x000000001e52f800 JavaThread "Attach Listener" daemon [_thread_blocked, id=28408, stack(0x000000001fae0000,0x000000001fbe0000)]
  0x000000001e518800 JavaThread "Signal Dispatcher" daemon [_thread_blocked, id=27020, stack(0x000000001f9e0000,0x000000001fae0000)]
  0x000000001e513000 JavaThread "Finalizer" daemon [_thread_blocked, id=16516, stack(0x000000001f770000,0x000000001f870000)]
  0x000000001ce4d800 JavaThread "Reference Handler" daemon [_thread_blocked, id=17952, stack(0x000000001f670000,0x000000001f770000)]
=>0x0000000003182800 JavaThread "main" [_thread_in_native, id=19256, stack(0x0000000002eb0000,0x0000000002fb0000)]

Other Threads:
  0x000000001e4f2800 VMThread [stack: 0x000000001f570000,0x000000001f670000] [id=24688]
  0x000000001e6b7000 WatcherThread [stack: 0x00000000201f0000,0x00000000202f0000] [id=8516]

VM state:not at safepoint (normal execution)

VM Mutex/Monitor currently owned by a thread: None

Heap:
 PSYoungGen      total 75776K, used 7110K [0x000000076b600000, 0x0000000770a80000, 0x00000007c0000000)
  eden space 65024K, 10% used [0x000000076b600000,0x000000076bcf1aa8,0x000000076f580000)
  from space 10752K, 0% used [0x0000000770000000,0x0000000770000000,0x0000000770a80000)
  to   space 10752K, 0% used [0x000000076f580000,0x000000076f580000,0x0000000770000000)
 ParOldGen       total 173568K, used 0K [0x00000006c2200000, 0x00000006ccb80000, 0x000000076b600000)
  object space 173568K, 0% used [0x00000006c2200000,0x00000006c2200000,0x00000006ccb80000)
 Metaspace       used 4211K, capacity 5242K, committed 5376K, reserved 1056768K
  class space    used 397K, capacity 426K, committed 512K, reserved 1048576K

Card table byte_map: [0x0000000012640000,0x0000000012e30000] byte_map_base: 0x000000000f02f000

Marking Bits: (ParMarkBitMap*) 0x000000005a9db6d0
 Begin Bits: [0x0000000013d80000, 0x0000000017cf8000)
 End Bits:   [0x0000000017cf8000, 0x000000001bc70000)

Polling page: 0x0000000001270000

CodeCache: size=245760Kb used=1231Kb max_used=1231Kb free=244528Kb
 bounds [0x0000000003280000, 0x00000000034f0000, 0x0000000012280000]
 total_blobs=361 nmethods=73 adapters=201
 compilation: enabled

Compilation events (10 events):
Event: 0.198 Thread 0x000000001e5de000   69       3       java.lang.ref.Reference::<init> (25 bytes)
Event: 0.199 Thread 0x000000001e5de000 nmethod 69 0x00000000033b2850 code [0x00000000033b29c0, 0x00000000033b2c10]
Event: 0.200 Thread 0x000000001e5de000   70       3       sun.misc.MetaIndex::mayContain (51 bytes)
Event: 0.200 Thread 0x000000001e5de000 nmethod 70 0x00000000033b2cd0 code [0x00000000033b2e80, 0x00000000033b3518]
Event: 0.200 Thread 0x000000001e5de000   71       3       java.nio.charset.CharsetEncoder::maxBytesPerChar (5 bytes)
Event: 0.201 Thread 0x000000001e5de000 nmethod 71 0x00000000033b37d0 code [0x00000000033b3920, 0x00000000033b3a70]
Event: 0.201 Thread 0x000000001e5de000   72       3       java.io.File::isInvalid (47 bytes)
Event: 0.201 Thread 0x000000001e5de000 nmethod 72 0x00000000033b3ad0 code [0x00000000033b3c40, 0x00000000033b4088]
Event: 0.202 Thread 0x000000001e5de000   73       1       java.net.URL::getQuery (5 bytes)
Event: 0.202 Thread 0x000000001e5de000 nmethod 73 0x00000000033b4190 code [0x00000000033b42e0, 0x00000000033b43f0]

GC Heap History (0 events):
No events

Deoptimization events (0 events):
No events

Internal exceptions (2 events):
Event: 0.032 Thread 0x0000000003182800 Exception <a 'java/lang/NoSuchMethodError': Method sun.misc.Unsafe.defineClass(Ljava/lang/String;[BII)Ljava/lang/Class; name or signature does not match> (0x000000076b607ca8) thrown at [C:\re\workspace\8-2-build-windows-amd64-cygwin\jdk8u121\8372\hotspot\
Event: 0.032 Thread 0x0000000003182800 Exception <a 'java/lang/NoSuchMethodError': Method sun.misc.Unsafe.prefetchRead(Ljava/lang/Object;J)V name or signature does not match> (0x000000076b607f90) thrown at [C:\re\workspace\8-2-build-windows-amd64-cygwin\jdk8u121\8372\hotspot\src\share\vm\prims

Events (10 events):
Event: 0.190 loading class CGAL/Kernel/Point_2
Event: 0.190 loading class CGAL/Kernel/Point_2 done
Event: 0.191 loading class CGAL/Kernel/CGAL_KernelJNI
Event: 0.191 loading class CGAL/Kernel/CGAL_KernelJNI done
Event: 0.196 loading class CGAL/Triangulation_2/Constrained_Delaunay_triangulation_2_Vertex_handle
Event: 0.196 loading class CGAL/Triangulation_2/Constrained_Delaunay_triangulation_2_Vertex_handle done
Event: 0.199 loading class CGAL/Mesh_2/CGAL_Mesh_2
Event: 0.199 loading class CGAL/Mesh_2/CGAL_Mesh_2 done
Event: 0.200 loading class CGAL/Mesh_2/CGAL_Mesh_2JNI
Event: 0.200 loading class CGAL/Mesh_2/CGAL_Mesh_2JNI done


Dynamic libraries:
0x00007ff7ea840000 - 0x00007ff7ea877000 	C:\Program Files\Java\jdk1.8.0_121\bin\java.exe
0x00007ff9c5cf0000 - 0x00007ff9c5eee000 	C:\WINDOWS\SYSTEM32\ntdll.dll
0x00007ff9c4110000 - 0x00007ff9c41cc000 	C:\WINDOWS\System32\KERNEL32.DLL
0x00007ff9c36a0000 - 0x00007ff9c39e0000 	C:\WINDOWS\System32\KERNELBASE.dll
0x00007ff9bdd60000 - 0x00007ff9bddf2000 	C:\WINDOWS\SYSTEM32\apphelp.dll
0x00007ff9c3f60000 - 0x00007ff9c400b000 	C:\WINDOWS\System32\ADVAPI32.dll
0x00007ff9c3d70000 - 0x00007ff9c3e12000 	C:\WINDOWS\System32\msvcrt.dll
0x00007ff9c3c10000 - 0x00007ff9c3cb2000 	C:\WINDOWS\System32\sechost.dll
0x00007ff9c4a10000 - 0x00007ff9c4b33000 	C:\WINDOWS\System32\RPCRT4.dll
0x00007ff9c5650000 - 0x00007ff9c57f5000 	C:\WINDOWS\System32\USER32.dll
0x00007ff9c3310000 - 0x00007ff9c3336000 	C:\WINDOWS\System32\win32u.dll
0x00007ff9c3d40000 - 0x00007ff9c3d6b000 	C:\WINDOWS\System32\GDI32.dll
0x00007ff9c3340000 - 0x00007ff9c344b000 	C:\WINDOWS\System32\gdi32full.dll
0x00007ff9c3260000 - 0x00007ff9c3307000 	C:\WINDOWS\System32\msvcp_win.dll
0x00007ff9c34c0000 - 0x00007ff9c35d3000 	C:\WINDOWS\System32\ucrtbase.dll
0x00007ff9ac500000 - 0x00007ff9ac7a6000 	C:\WINDOWS\WinSxS\amd64_microsoft.windows.common-controls_6595b64144ccf1df_6.0.20175.1000_none_8e9f0e64aa406c8e\COMCTL32.dll
0x00007ff9c41d0000 - 0x00007ff9c4201000 	C:\WINDOWS\System32\IMM32.DLL
0x000000005aa60000 - 0x000000005ab32000 	C:\Program Files\Java\jdk1.8.0_121\jre\bin\msvcr100.dll
0x000000005a1c0000 - 0x000000005aa5b000 	C:\Program Files\Java\jdk1.8.0_121\jre\bin\server\jvm.dll
0x00007ff9c5640000 - 0x00007ff9c5648000 	C:\WINDOWS\System32\PSAPI.DLL
0x00007ff9b3e60000 - 0x00007ff9b3e86000 	C:\WINDOWS\SYSTEM32\WINMM.dll
0x00007ff9b9b10000 - 0x00007ff9b9b1a000 	C:\WINDOWS\SYSTEM32\VERSION.dll
0x00007ff9b8610000 - 0x00007ff9b861a000 	C:\WINDOWS\SYSTEM32\WSOCK32.dll
0x00007ff9c4c00000 - 0x00007ff9c4c71000 	C:\WINDOWS\System32\WS2_32.dll
0x000000005c630000 - 0x000000005c63f000 	C:\Program Files\Java\jdk1.8.0_121\jre\bin\verify.dll
0x000000005a190000 - 0x000000005a1b9000 	C:\Program Files\Java\jdk1.8.0_121\jre\bin\java.dll
0x000000005a140000 - 0x000000005a163000 	C:\Program Files\Java\jdk1.8.0_121\jre\bin\instrument.dll
0x000000005a170000 - 0x000000005a186000 	C:\Program Files\Java\jdk1.8.0_121\jre\bin\zip.dll
0x00007ff9c4210000 - 0x00007ff9c49a3000 	C:\WINDOWS\System32\SHELL32.dll
0x00007ff9c11d0000 - 0x00007ff9c1a70000 	C:\WINDOWS\SYSTEM32\windows.storage.dll
0x00007ff9c5800000 - 0x00007ff9c5b7d000 	C:\WINDOWS\System32\combase.dll
0x00007ff9c4c80000 - 0x00007ff9c4d42000 	C:\WINDOWS\System32\SHCORE.dll
0x00007ff9c4db0000 - 0x00007ff9c4e07000 	C:\WINDOWS\System32\shlwapi.dll
0x00007ff9c31a0000 - 0x00007ff9c31c0000 	C:\WINDOWS\SYSTEM32\profapi.dll
0x00007ff9b8810000 - 0x00007ff9b882a000 	C:\Program Files\JetBrains\IntelliJ IDEA 2020.1.1\bin\breakgen64.dll
0x000000005a120000 - 0x000000005a13a000 	C:\Program Files\Java\jdk1.8.0_121\jre\bin\net.dll
0x00007ff9c2980000 - 0x00007ff9c29e8000 	C:\WINDOWS\system32\mswsock.dll
0x00007ff9b7d50000 - 0x00007ff9b7d64000 	E:\amomorning\eclipse-workspace\cgal-swig-bindings\build\lib\Debug\CGAL_Java_cpp.dll
0x00007ff9becf0000 - 0x00007ff9becff000 	C:\WINDOWS\SYSTEM32\VCRUNTIME140_1D.dll
0x00007ff9a5390000 - 0x00007ff9a53b6000 	C:\WINDOWS\SYSTEM32\VCRUNTIME140D.dll
0x00007ff9200b0000 - 0x00007ff920273000 	C:\WINDOWS\SYSTEM32\ucrtbased.dll
0x000000006f540000 - 0x000000006f5a1000 	C:\dev\CGAL-5.0.3\auxiliary\gmp\lib\libmpfr-4.dll
0x000000006acc0000 - 0x000000006ad46000 	C:\Program Files\Git\mingw64\bin\libgmp-10.dll
0x00007ff915750000 - 0x00007ff915b6a000 	E:\amomorning\eclipse-workspace\cgal-swig-bindings\build\lib\Debug\CGAL_Kernel_cpp.dll
0x00007ff91ffb0000 - 0x00007ff9200a4000 	C:\WINDOWS\SYSTEM32\MSVCP140D.dll
0x00007ff99be40000 - 0x00007ff99be77000 	E:\amomorning\eclipse-workspace\cgal-swig-bindings\build\lib\Debug\CGAL_AABB_tree_cpp.dll
0x00007ff990840000 - 0x00007ff990877000 	E:\amomorning\eclipse-workspace\cgal-swig-bindings\build\lib\Debug\CGAL_Alpha_shape_2_cpp.dll
0x00007ff98fbe0000 - 0x00007ff98fc17000 	E:\amomorning\eclipse-workspace\cgal-swig-bindings\build\lib\Debug\CGAL_Mesh_3_cpp.dll
0x00007ff9897a0000 - 0x00007ff9897d7000 	E:\amomorning\eclipse-workspace\cgal-swig-bindings\build\lib\Debug\CGAL_Surface_mesher_cpp.dll
0x00007ff988bc0000 - 0x00007ff988bf7000 	E:\amomorning\eclipse-workspace\cgal-swig-bindings\build\lib\Debug\CGAL_Triangulation_2_cpp.dll
0x00007ff983080000 - 0x00007ff9830b7000 	E:\amomorning\eclipse-workspace\cgal-swig-bindings\build\lib\Debug\CGAL_Triangulation_3_cpp.dll
0x00007ff9150d0000 - 0x00007ff915748000 	E:\amomorning\eclipse-workspace\cgal-swig-bindings\build\build-java\lib\CGAL_Triangulation_2.dll
0x00007ff99cc00000 - 0x00007ff99cc19000 	E:\amomorning\eclipse-workspace\cgal-swig-bindings\build\build-java\lib\CGAL_Java.dll
0x00007ff914f10000 - 0x00007ff9150c8000 	E:\amomorning\eclipse-workspace\cgal-swig-bindings\build\build-java\lib\CGAL_Kernel.dll
0x00007ff914a50000 - 0x00007ff914f01000 	E:\amomorning\eclipse-workspace\cgal-swig-bindings\build\build-java\lib\CGAL_Mesh_2.dll
0x00007ff9c1b50000 - 0x00007ff9c1d51000 	C:\WINDOWS\SYSTEM32\dbghelp.dll
0x00007ff9c3a30000 - 0x00007ff9c3aa9000 	C:\WINDOWS\System32\bcryptPrimitives.dll

VM Arguments:
jvm_args: -Djava.library.path=E:\amomorning\eclipse-workspace\cgal-swig-bindings\build\lib\Debug;E:\amomorning\eclipse-workspace\cgal-swig-bindings\build\build-java\lib;E:\amomorning\eclipse-workspace\cgal-swig-bindings\build\build-java\lib\Debug;C:\dev\CGAL-5.0.3\auxiliary\gmp\lib -javaagent:C:\Program Files\JetBrains\IntelliJ IDEA 2020.1.1\lib\idea_rt.jar=1067:C:\Program Files\JetBrains\IntelliJ IDEA 2020.1.1\bin -Dfile.encoding=UTF-8 
java_command: Main
java_class_path (initial): C:\Program Files\Java\jdk1.8.0_121\jre\lib\charsets.jar;C:\Program Files\Java\jdk1.8.0_121\jre\lib\deploy.jar;C:\Program Files\Java\jdk1.8.0_121\jre\lib\ext\access-bridge-64.jar;C:\Program Files\Java\jdk1.8.0_121\jre\lib\ext\cldrdata.jar;C:\Program Files\Java\jdk1.8.0_121\jre\lib\ext\dnsns.jar;C:\Program Files\Java\jdk1.8.0_121\jre\lib\ext\jaccess.jar;C:\Program Files\Java\jdk1.8.0_121\jre\lib\ext\jfxrt.jar;C:\Program Files\Java\jdk1.8.0_121\jre\lib\ext\localedata.jar;C:\Program Files\Java\jdk1.8.0_121\jre\lib\ext\nashorn.jar;C:\Program Files\Java\jdk1.8.0_121\jre\lib\ext\sunec.jar;C:\Program Files\Java\jdk1.8.0_121\jre\lib\ext\sunjce_provider.jar;C:\Program Files\Java\jdk1.8.0_121\jre\lib\ext\sunmscapi.jar;C:\Program Files\Java\jdk1.8.0_121\jre\lib\ext\sunpkcs11.jar;C:\Program Files\Java\jdk1.8.0_121\jre\lib\ext\zipfs.jar;C:\Program Files\Java\jdk1.8.0_121\jre\lib\javaws.jar;C:\Program Files\Java\jdk1.8.0_121\jre\lib\jce.jar;C:\Program Files\Java\jdk1.8.0_121\jre\lib\jfr.jar;C:\Program Files\Java\jdk1.8.0_121\jre\lib\jfxswt.jar;C:\Program Files\Java\jdk1.8.0_121\jre\lib\jsse.jar;C:\Program Files\Java\jdk1.8.0_121\jre\lib\management-agent.jar;C:\Program Files\Java\jdk1.8.0_121\jre\lib\plugin.jar;C:\Program Files\Java\jdk1.8.0_121\jre\lib\resources.jar;C:\Program Files\Java\jdk1.8.0_121\jre\lib\rt.jar;D:\amomorning\eclipse-workspace\testCGAL\target\classes;C:\Program Files\JetBrains\IntelliJ IDEA 2020.1.1\lib\idea_rt.jar
Launcher Type: SUN_STANDARD

Environment Variables:
JAVA_HOME=C:\Program Files\Java\jdk1.8.0_121
CLASSPATH=.;C:\Program Files\Java\jdk1.8.0_121\lib\dt.jar;C:\Program Files\Java\jdk1.8.0_121\lib\tools.jar;
PATH=C:\Program Files (x86)\NetSarang\Xshell 6\;C:\Windows\system32;C:\Windows;C:\Windows\System32\Wbem;C:\Windows\System32\WindowsPowerShell\v1.0\;C:\Windows\System32\OpenSSH\;C:\Program Files (x86)\Wolfram Research\WolframScript\;C:\Program Files\MiKTeX 2.9\miktex\bin\x64\;C:\Program Files\MATLAB\R2019b\bin;C:\Program Files\Microsoft SQL Server\120\Tools\Binn\;C:\Program Files\Common Files\Autodesk Shared\;C:\Program Files\dotnet\;C:\Program Files\CMake\bin;C:\Users\amomorning\vcpkg;C:\Program Files\PowerShell\6\;C:\Program Files (x86)\NVIDIA Corporation\PhysX\Common;C:\Program Files\NVIDIA Corporation\NVIDIA NvDLISR;C:\WINDOWS\system32;C:\WINDOWS;C:\WINDOWS\System32\Wbem;C:\WINDOWS\System32\WindowsPowerShell\v1.0\;C:\WINDOWS\System32\OpenSSH\;C:\Program Files\nodejs\;C:\Program Files\Git\cmd;C:\Program Files\Git\mingw64\bin;C:\Program Files\Git\usr\bin;C:\Users\amomorning\Anaconda3;C:\Users\amomorning\Anaconda3\Library\mingw-w64\bin;C:\Users\amomorning\Anaconda3\Library\usr\bin;C:\Users\amomorning\Anaconda3\Library\bin;C:\Users\amomorning\Anaconda3\Scripts;C:\Users\amomorning\AppData\Local\Microsoft\WindowsApps;C:\Users\amomorning\AppData\Local\Programs\Microsoft VS Code\bin;C:\Program Files\Bandizip\;C:\Program Files\mingw-w64\mingw64\bin;C:\Program Files\Java\jdk1.8.0_121\bin;C:\Program Files\Java\jdk1.8.0_121\jre\bin;C:\Users\amomorning\AppData\Local\JuliaPro-1.2.0-1\Julia-1.2.0\bin;C:\Users\amomorning\.dotnet\tools;C:\Users\amomorning\vcpkg;C:\Users\amomorning\AppData\Local\Programs\Fiddler;C:\Users\amomorning\AppData\Local\Microsoft\WindowsApps;C:\Users\amomorning\AppData\Roaming\npm;D:\dev\swigwin-3.0.12;D:\dev\boost_1_71_0\lib64-msvc-14.2;D:\dev\Qt\5.15.0\msvc2019_64\bin;
USERNAME=amomorning
OS=Windows_NT
PROCESSOR_IDENTIFIER=Intel64 Family 6 Model 158 Stepping 10, GenuineIntel



---------------  S Y S T E M  ---------------

OS: Windows 10.0 , 64 bit Build 20175 (10.0.20175.1000)

CPU:total 12 (6 cores per cpu, 2 threads per core) family 6 model 158 stepping 10, cmov, cx8, fxsr, mmx, sse, sse2, sse3, ssse3, sse4.1, sse4.2, popcnt, avx, avx2, aes, clmul, erms, 3dnowpref, lzcnt, ht, tsc, tscinvbit, bmi1, bmi2, adx

Memory: 4k page, physical 16635088k(5961668k free), swap 23131184k(2643804k free)

vm_info: Java HotSpot(TM) 64-Bit Server VM (25.121-b13) for windows-amd64 JRE (1.8.0_121-b13), built on Dec 12 2016 18:21:36 by "java_re" with MS VC++ 10.0 (VS2010)

time: Thu Sep 03 20:45:07 2020
elapsed time: 0 seconds (0d 0h 0m 0s)

